<?xml version="1.0" encoding="UTF-8"?>
<testng-results skipped="0" failed="0" total="1" passed="1">
  <reporter-output>
  </reporter-output>
  <suite name="Default suite" duration-ms="72711" started-at="2020-10-15T05:12:25Z" finished-at="2020-10-15T05:13:38Z">
    <groups>
    </groups>
    <test name="Default test" duration-ms="72711" started-at="2020-10-15T05:12:25Z" finished-at="2020-10-15T05:13:38Z">
      <class name="com.autodesk.contacttest.DeleteContactTest">
        <test-method status="PASS" signature="createContactWithOrg()[pri:0, instance:com.autodesk.contacttest.DeleteContactTest@16c0663d]" name="createContactWithOrg" duration-ms="72691" started-at="2020-10-15T10:42:25Z" finished-at="2020-10-15T10:43:38Z">
          <reporter-output>
          </reporter-output>
        </test-method> <!-- createContactWithOrg -->
      </class> <!-- com.autodesk.contacttest.DeleteContactTest -->
    </test> <!-- Default test -->
  </suite> <!-- Default suite -->
</testng-results>
